<?xml version="1.0" encoding="UTF-8"?>
<testng-results ignored="0" total="1" passed="1" failed="0" skipped="0">
  <reporter-output>
  </reporter-output>
  <suite started-at="2023-02-28T12:52:55 IST" name="Default suite" finished-at="2023-02-28T12:53:59 IST" duration-ms="63949">
    <groups>
    </groups>
    <test started-at="2023-02-28T12:52:55 IST" name="Default test" finished-at="2023-02-28T12:53:59 IST" duration-ms="63949">
      <class name="com.mobileautomation.FirstTestCase">
        <test-method signature="openDevice()[pri:0, instance:com.mobileautomation.FirstTestCase@2f8dad04]" started-at="2023-02-28T12:52:56 IST" name="openDevice" finished-at="2023-02-28T12:53:59 IST" duration-ms="63871" status="PASS">
          <reporter-output>
          </reporter-output>
        </test-method> <!-- openDevice -->
      </class> <!-- com.mobileautomation.FirstTestCase -->
    </test> <!-- Default test -->
  </suite> <!-- Default suite -->
</testng-results>
